Started GET "/" for ::1 at 2020-11-24 23:24:38 +0300
  [1m[35m (26.1ms)[0m  [1m[34mSELECT sqlite_version(*)[0m
Processing by MersenController#input as HTML
  Rendering mersen/input.html.erb within layouts/application
  Rendered mersen/input.html.erb within layouts/application (Duration: 28.5ms | Allocations: 594)
[Webpacker] Compiling...
[Webpacker] Compiled all packs in /home/rev/lb8/public/packs
[Webpacker] Hash: 15d1bb7b54cf6326b9ba
Version: webpack 4.44.2
Time: 12882ms
Built at: 24.11.2020 23:25:10
                                     Asset       Size       Chunks                         Chunk Names
    js/application-9afcbb5693aa87623e69.js    124 KiB  application  [emitted] [immutable]  application
js/application-9afcbb5693aa87623e69.js.map    139 KiB  application  [emitted] [dev]        application
                             manifest.json  364 bytes               [emitted]              
Entrypoint application = js/application-9afcbb5693aa87623e69.js js/application-9afcbb5693aa87623e69.js.map
[./app/javascript/channels sync recursive _channel\.js$] ./app/javascript/channels sync _channel\.js$ 160 bytes {application} [built]
[./app/javascript/channels/index.js] 211 bytes {application} [built]
[./app/javascript/packs/application.js] 749 bytes {application} [built]
[./node_modules/webpack/buildin/module.js] (webpack)/buildin/module.js 552 bytes {application} [built]
    + 3 hidden modules

Completed 200 OK in 32575ms (Views: 32534.6ms | ActiveRecord: 0.0ms | Allocations: 18906)


Started GET "/mersen/view?val=500&commit=%D0%9D%D0%B0%D0%B9%D1%82%D0%B8+%D1%87%D0%B8%D1%81%D0%BB%D0%B0+%D0%9C%D0%B5%D1%80%D1%81%D0%B5%D0%BD%D0%B0" for ::1 at 2020-11-24 23:25:42 +0300
Processing by MersenController#view as HTML
  Parameters: {"val"=>"500", "commit"=>"Найти числа Мерсена"}
  Rendering mersen/view.html.erb within layouts/application
  Rendered mersen/view.html.erb within layouts/application (Duration: 27.7ms | Allocations: 373)
[Webpacker] Everything's up-to-date. Nothing to do
Completed 200 OK in 54ms (Views: 45.9ms | ActiveRecord: 0.0ms | Allocations: 7688)


Started GET "/mersen/input" for ::1 at 2020-11-24 23:25:55 +0300
Processing by MersenController#input as HTML
  Rendering mersen/input.html.erb within layouts/application
  Rendered mersen/input.html.erb within layouts/application (Duration: 0.9ms | Allocations: 181)
[Webpacker] Everything's up-to-date. Nothing to do
Completed 200 OK in 20ms (Views: 18.9ms | ActiveRecord: 0.0ms | Allocations: 3459)


Started GET "/mersen/view?val=-500&commit=%D0%9D%D0%B0%D0%B9%D1%82%D0%B8+%D1%87%D0%B8%D1%81%D0%BB%D0%B0+%D0%9C%D0%B5%D1%80%D1%81%D0%B5%D0%BD%D0%B0" for ::1 at 2020-11-24 23:26:34 +0300
Processing by MersenController#view as HTML
  Parameters: {"val"=>"-500", "commit"=>"Найти числа Мерсена"}
  Rendering mersen/view.html.erb within layouts/application
  Rendered mersen/view.html.erb within layouts/application (Duration: 2.4ms | Allocations: 323)
[Webpacker] Everything's up-to-date. Nothing to do
Completed 200 OK in 39ms (Views: 36.6ms | ActiveRecord: 0.0ms | Allocations: 4520)


Started GET "/mersen/input" for ::1 at 2020-11-24 23:26:36 +0300
Processing by MersenController#input as HTML
  Rendering mersen/input.html.erb within layouts/application
  Rendered mersen/input.html.erb within layouts/application (Duration: 42.6ms | Allocations: 340)
[Webpacker] Everything's up-to-date. Nothing to do
Completed 200 OK in 67ms (Views: 64.7ms | ActiveRecord: 0.0ms | Allocations: 3757)


Started GET "/mersen/view?val=ertr&commit=%D0%9D%D0%B0%D0%B9%D1%82%D0%B8+%D1%87%D0%B8%D1%81%D0%BB%D0%B0+%D0%9C%D0%B5%D1%80%D1%81%D0%B5%D0%BD%D0%B0" for ::1 at 2020-11-24 23:26:48 +0300
Processing by MersenController#view as HTML
  Parameters: {"val"=>"ertr", "commit"=>"Найти числа Мерсена"}
  Rendering mersen/view.html.erb within layouts/application
  Rendered mersen/view.html.erb within layouts/application (Duration: 0.7ms | Allocations: 45)
[Webpacker] Everything's up-to-date. Nothing to do
Completed 200 OK in 24ms (Views: 22.5ms | ActiveRecord: 0.0ms | Allocations: 3335)


Started GET "/mersen/input" for ::1 at 2020-11-24 23:26:50 +0300
Processing by MersenController#input as HTML
  Rendering mersen/input.html.erb within layouts/application
  Rendered mersen/input.html.erb within layouts/application (Duration: 0.8ms | Allocations: 180)
[Webpacker] Everything's up-to-date. Nothing to do
Completed 200 OK in 26ms (Views: 24.0ms | ActiveRecord: 0.0ms | Allocations: 3457)


Started GET "/mersen/view?val=10000&commit=%D0%9D%D0%B0%D0%B9%D1%82%D0%B8+%D1%87%D0%B8%D1%81%D0%BB%D0%B0+%D0%9C%D0%B5%D1%80%D1%81%D0%B5%D0%BD%D0%B0" for ::1 at 2020-11-24 23:26:55 +0300
Processing by MersenController#view as HTML
  Parameters: {"val"=>"10000", "commit"=>"Найти числа Мерсена"}
  Rendering mersen/view.html.erb within layouts/application
  Rendered mersen/view.html.erb within layouts/application (Duration: 0.4ms | Allocations: 64)
[Webpacker] Everything's up-to-date. Nothing to do
Completed 200 OK in 305ms (Views: 15.1ms | ActiveRecord: 0.0ms | Allocations: 104997)


Started GET "/mersen/input" for ::1 at 2020-11-24 23:27:01 +0300
Processing by MersenController#input as HTML
  Rendering mersen/input.html.erb within layouts/application
  Rendered mersen/input.html.erb within layouts/application (Duration: 0.4ms | Allocations: 180)
[Webpacker] Everything's up-to-date. Nothing to do
Completed 200 OK in 22ms (Views: 20.8ms | ActiveRecord: 0.0ms | Allocations: 3445)


  [1m[35m (0.7ms)[0m  [1m[34mSELECT sqlite_version(*)[0m
  [1m[35m (24.3ms)[0m  [1m[35mCREATE TABLE "schema_migrations" ("version" varchar NOT NULL PRIMARY KEY)[0m
  [1m[35m (10.6ms)[0m  [1m[35mCREATE TABLE "ar_internal_metadata" ("key" varchar NOT NULL PRIMARY KEY, "value" varchar, "created_at" datetime(6) NOT NULL, "updated_at" datetime(6) NOT NULL)[0m
  [1m[36mActiveRecord::InternalMetadata Load (0.3ms)[0m  [1m[34mSELECT "ar_internal_metadata".* FROM "ar_internal_metadata" WHERE "ar_internal_metadata"."key" = ? LIMIT ?[0m  [["key", "environment"], ["LIMIT", 1]]
  [1m[35m (0.1ms)[0m  [1m[36mbegin transaction[0m
  [1m[36mActiveRecord::InternalMetadata Create (0.5ms)[0m  [1m[32mINSERT INTO "ar_internal_metadata" ("key", "value", "created_at", "updated_at") VALUES (?, ?, ?, ?)[0m  [["key", "environment"], ["value", "development"], ["created_at", "2020-11-24 20:34:45.809397"], ["updated_at", "2020-11-24 20:34:45.809397"]]
  [1m[35m (9.6ms)[0m  [1m[36mcommit transaction[0m
  [1m[35m (0.1ms)[0m  [1m[34mSELECT sqlite_version(*)[0m
  [1m[35m (0.3ms)[0m  [1m[34mSELECT "schema_migrations"."version" FROM "schema_migrations" ORDER BY "schema_migrations"."version" ASC[0m
Started GET "/" for ::1 at 2020-11-24 23:37:42 +0300
  [1m[35m (0.9ms)[0m  [1m[34mSELECT sqlite_version(*)[0m
Processing by MersenController#input as HTML
  Rendering mersen/input.html.erb within layouts/application
  Rendered mersen/input.html.erb within layouts/application (Duration: 2.7ms | Allocations: 488)
[Webpacker] Everything's up-to-date. Nothing to do
Completed 200 OK in 179ms (Views: 155.5ms | ActiveRecord: 0.0ms | Allocations: 7174)


Started GET "/mersen/view?val=10000&commit=%D0%9D%D0%B0%D0%B9%D1%82%D0%B8+%D1%87%D0%B8%D1%81%D0%BB%D0%B0+%D0%9C%D0%B5%D1%80%D1%81%D0%B5%D0%BD%D0%B0" for ::1 at 2020-11-24 23:37:47 +0300
Processing by MersenController#view as HTML
  Parameters: {"val"=>"10000", "commit"=>"Найти числа Мерсена"}
  Rendering mersen/view.html.erb within layouts/application
  Rendered mersen/view.html.erb within layouts/application (Duration: 2.2ms | Allocations: 381)
[Webpacker] Everything's up-to-date. Nothing to do
Completed 200 OK in 280ms (Views: 11.6ms | ActiveRecord: 0.0ms | Allocations: 105459)


Started GET "/mersen/input" for ::1 at 2020-11-24 23:37:51 +0300
Processing by MersenController#input as HTML
  Rendering mersen/input.html.erb within layouts/application
  Rendered mersen/input.html.erb within layouts/application (Duration: 0.6ms | Allocations: 181)
[Webpacker] Everything's up-to-date. Nothing to do
Completed 200 OK in 32ms (Views: 30.7ms | ActiveRecord: 0.0ms | Allocations: 3451)


Started GET "/mersen/view?val=-500&commit=%D0%9D%D0%B0%D0%B9%D1%82%D0%B8+%D1%87%D0%B8%D1%81%D0%BB%D0%B0+%D0%9C%D0%B5%D1%80%D1%81%D0%B5%D0%BD%D0%B0" for ::1 at 2020-11-24 23:38:15 +0300
Processing by MersenController#view as HTML
  Parameters: {"val"=>"-500", "commit"=>"Найти числа Мерсена"}
  Rendering mersen/view.html.erb within layouts/application
  Rendered mersen/view.html.erb within layouts/application (Duration: 0.3ms | Allocations: 40)
[Webpacker] Everything's up-to-date. Nothing to do
Completed 200 OK in 21ms (Views: 19.5ms | ActiveRecord: 0.0ms | Allocations: 3334)


Started GET "/mersen/input" for ::1 at 2020-11-24 23:38:17 +0300
Processing by MersenController#input as HTML
  Rendering mersen/input.html.erb within layouts/application
  Rendered mersen/input.html.erb within layouts/application (Duration: 3.7ms | Allocations: 180)
[Webpacker] Everything's up-to-date. Nothing to do
Completed 200 OK in 30ms (Views: 27.9ms | ActiveRecord: 0.0ms | Allocations: 3449)


Started GET "/mersen/view?val=ertr&commit=%D0%9D%D0%B0%D0%B9%D1%82%D0%B8+%D1%87%D0%B8%D1%81%D0%BB%D0%B0+%D0%9C%D0%B5%D1%80%D1%81%D0%B5%D0%BD%D0%B0" for ::1 at 2020-11-24 23:38:19 +0300
Processing by MersenController#view as HTML
  Parameters: {"val"=>"ertr", "commit"=>"Найти числа Мерсена"}
  Rendering mersen/view.html.erb within layouts/application
  Rendered mersen/view.html.erb within layouts/application (Duration: 0.5ms | Allocations: 39)
[Webpacker] Everything's up-to-date. Nothing to do
Completed 200 OK in 14ms (Views: 12.7ms | ActiveRecord: 0.0ms | Allocations: 3336)


Started GET "/mersen/input" for ::1 at 2020-11-24 23:38:20 +0300
Processing by MersenController#input as HTML
  Rendering mersen/input.html.erb within layouts/application
  Rendered mersen/input.html.erb within layouts/application (Duration: 0.8ms | Allocations: 181)
[Webpacker] Everything's up-to-date. Nothing to do
Completed 200 OK in 33ms (Views: 30.9ms | ActiveRecord: 0.0ms | Allocations: 3458)


Started GET "/mersen/view?val=500&commit=%D0%9D%D0%B0%D0%B9%D1%82%D0%B8+%D1%87%D0%B8%D1%81%D0%BB%D0%B0+%D0%9C%D0%B5%D1%80%D1%81%D0%B5%D0%BD%D0%B0" for ::1 at 2020-11-24 23:38:24 +0300
Processing by MersenController#view as HTML
  Parameters: {"val"=>"500", "commit"=>"Найти числа Мерсена"}
  Rendering mersen/view.html.erb within layouts/application
  Rendered mersen/view.html.erb within layouts/application (Duration: 0.4ms | Allocations: 60)
[Webpacker] Everything's up-to-date. Nothing to do
Completed 200 OK in 25ms (Views: 16.0ms | ActiveRecord: 0.0ms | Allocations: 7217)


Started GET "/mersen/input" for ::1 at 2020-11-24 23:38:28 +0300
Processing by MersenController#input as HTML
  Rendering mersen/input.html.erb within layouts/application
  Rendered mersen/input.html.erb within layouts/application (Duration: 0.9ms | Allocations: 180)
[Webpacker] Everything's up-to-date. Nothing to do
Completed 200 OK in 26ms (Views: 23.9ms | ActiveRecord: 0.0ms | Allocations: 3455)


Started GET "/" for ::1 at 2020-12-12 14:42:30 +0300
  [1m[35m (2.3ms)[0m  [1m[34mSELECT sqlite_version(*)[0m
Processing by MersenController#input as HTML
  Rendering mersen/input.html.erb within layouts/application
  Rendered mersen/input.html.erb within layouts/application (Duration: 23.1ms | Allocations: 488)
[Webpacker] Everything's up-to-date. Nothing to do
Completed 200 OK in 436ms (Views: 386.9ms | ActiveRecord: 0.0ms | Allocations: 7174)


Started GET "/mersen/view?val=10000&commit=%D0%9D%D0%B0%D0%B9%D1%82%D0%B8+%D1%87%D0%B8%D1%81%D0%BB%D0%B0+%D0%9C%D0%B5%D1%80%D1%81%D0%B5%D0%BD%D0%B0" for ::1 at 2020-12-12 14:44:28 +0300
Processing by MersenController#view as HTML
  Parameters: {"val"=>"10000", "commit"=>"Найти числа Мерсена"}
  Rendering mersen/view.html.erb within layouts/application
  Rendered mersen/view.html.erb within layouts/application (Duration: 31.4ms | Allocations: 380)
[Webpacker] Everything's up-to-date. Nothing to do
Completed 200 OK in 395ms (Views: 49.1ms | ActiveRecord: 0.0ms | Allocations: 105446)


Started GET "/mersen/input" for ::1 at 2020-12-12 14:45:12 +0300
Processing by MersenController#input as HTML
  Rendering mersen/input.html.erb within layouts/application
  Rendered mersen/input.html.erb within layouts/application (Duration: 0.8ms | Allocations: 181)
[Webpacker] Everything's up-to-date. Nothing to do
Completed 200 OK in 16ms (Views: 14.9ms | ActiveRecord: 0.0ms | Allocations: 3445)


Started GET "/mersen/view?val=ertr&commit=%D0%9D%D0%B0%D0%B9%D1%82%D0%B8+%D1%87%D0%B8%D1%81%D0%BB%D0%B0+%D0%9C%D0%B5%D1%80%D1%81%D0%B5%D0%BD%D0%B0" for ::1 at 2020-12-12 14:45:24 +0300
Processing by MersenController#view as HTML
  Parameters: {"val"=>"ertr", "commit"=>"Найти числа Мерсена"}
  Rendering mersen/view.html.erb within layouts/application
  Rendered mersen/view.html.erb within layouts/application (Duration: 0.9ms | Allocations: 39)
[Webpacker] Everything's up-to-date. Nothing to do
Completed 200 OK in 104ms (Views: 23.6ms | ActiveRecord: 0.0ms | Allocations: 3324)


